# JRE version: Java(TM) SE Runtime Environment (8.0_92-b14) (build 1.8.0_92-b14)
# Java VM: Java HotSpot(TM) 64-Bit Server VM (25.92-b14 mixed mode linux-amd64 compressed oops)
Heap:
 PSYoungGen      total 309248K, used 202349K [0x00000000eab00000, 0x00000000ffb00000, 0x0000000100000000)
  eden space 274432K, 70% used [0x00000000eab00000,0x00000000f679a528,0x00000000fb700000)
  from space 34816K, 26% used [0x00000000fd900000,0x00000000fe2010a0,0x00000000ffb00000)
  to   space 34816K, 0% used [0x00000000fb700000,0x00000000fb700000,0x00000000fd900000)
 ParOldGen       total 246784K, used 159395K [0x00000000c0000000, 0x00000000cf100000, 0x00000000eab00000)
  object space 246784K, 64% used [0x00000000c0000000,0x00000000c9ba8c48,0x00000000cf100000)
 Metaspace       used 147047K, capacity 161434K, committed 161712K, reserved 1189888K
  class space    used 17081K, capacity 21060K, committed 21168K, reserved 1048576K
GC Heap History (10 events):
Event: 2021.935 GC heap before
{Heap before GC invocations=216 (full 7):
 PSYoungGen      total 306176K, used 267906K [0x00000000eab00000, 0x00000000fff00000, 0x0000000100000000)
  eden space 265216K, 100% used [0x00000000eab00000,0x00000000fae00000,0x00000000fae00000)
  from space 40960K, 6% used [0x00000000fd700000,0x00000000fd9a0980,0x00000000fff00000)
  to   space 41472K, 0% used [0x00000000fae00000,0x00000000fae00000,0x00000000fd680000)
 ParOldGen       total 228352K, used 216401K [0x00000000c0000000, 0x00000000cdf00000, 0x00000000eab00000)
  object space 228352K, 94% used [0x00000000c0000000,0x00000000cd3545b0,0x00000000cdf00000)
 Metaspace       used 140496K, capacity 154728K, committed 154800K, reserved 1183744K
  class space    used 16199K, capacity 20128K, committed 20144K, reserved 1048576K
Event: 2021.941 GC heap after
Heap after GC invocations=216 (full 7):
 PSYoungGen      total 306688K, used 8040K [0x00000000eab00000, 0x00000000ffd80000, 0x0000000100000000)
  eden space 265216K, 0% used [0x00000000eab00000,0x00000000eab00000,0x00000000fae00000)
  from space 41472K, 19% used [0x00000000fae00000,0x00000000fb5da220,0x00000000fd680000)
  to   space 39936K, 0% used [0x00000000fd680000,0x00000000fd680000,0x00000000ffd80000)
 ParOldGen       total 228352K, used 216409K [0x00000000c0000000, 0x00000000cdf00000, 0x00000000eab00000)
  object space 228352K, 94% used [0x00000000c0000000,0x00000000cd3565b0,0x00000000cdf00000)
 Metaspace       used 140496K, capacity 154728K, committed 154800K, reserved 1183744K
  class space    used 16199K, capacity 20128K, committed 20144K, reserved 1048576K
}
Event: 2061.868 GC heap before
{Heap before GC invocations=217 (full 7):
 PSYoungGen      total 306688K, used 273256K [0x00000000eab00000, 0x00000000ffd80000, 0x0000000100000000)
  eden space 265216K, 100% used [0x00000000eab00000,0x00000000fae00000,0x00000000fae00000)
  from space 41472K, 19% used [0x00000000fae00000,0x00000000fb5da220,0x00000000fd680000)
  to   space 39936K, 0% used [0x00000000fd680000,0x00000000fd680000,0x00000000ffd80000)
 ParOldGen       total 228352K, used 216409K [0x00000000c0000000, 0x00000000cdf00000, 0x00000000eab00000)
  object space 228352K, 94% used [0x00000000c0000000,0x00000000cd3565b0,0x00000000cdf00000)
 Metaspace       used 140536K, capacity 154804K, committed 155056K, reserved 1183744K
  class space    used 16201K, capacity 20130K, committed 20144K, reserved 1048576K
Event: 2061.880 GC heap after
Heap after GC invocations=217 (full 7):
 PSYoungGen      total 305664K, used 8303K [0x00000000eab00000, 0x00000000ffb80000, 0x0000000100000000)
  eden space 267776K, 0% used [0x00000000eab00000,0x00000000eab00000,0x00000000fb080000)
  from space 37888K, 21% used [0x00000000fd680000,0x00000000fde9bd10,0x00000000ffb80000)
  to   space 38400K, 0% used [0x00000000fb080000,0x00000000fb080000,0x00000000fd600000)
 ParOldGen       total 228352K, used 221624K [0x00000000c0000000, 0x00000000cdf00000, 0x00000000eab00000)
  object space 228352K, 97% used [0x00000000c0000000,0x00000000cd86e260,0x00000000cdf00000)
 Metaspace       used 140536K, capacity 154804K, committed 155056K, reserved 1183744K
  class space    used 16201K, capacity 20130K, committed 20144K, reserved 1048576K
}
Event: 2061.880 GC heap before
{Heap before GC invocations=218 (full 8):
 PSYoungGen      total 305664K, used 8303K [0x00000000eab00000, 0x00000000ffb80000, 0x0000000100000000)
  eden space 267776K, 0% used [0x00000000eab00000,0x00000000eab00000,0x00000000fb080000)
  from space 37888K, 21% used [0x00000000fd680000,0x00000000fde9bd10,0x00000000ffb80000)
  to   space 38400K, 0% used [0x00000000fb080000,0x00000000fb080000,0x00000000fd600000)
 ParOldGen       total 228352K, used 221624K [0x00000000c0000000, 0x00000000cdf00000, 0x00000000eab00000)
  object space 228352K, 97% used [0x00000000c0000000,0x00000000cd86e260,0x00000000cdf00000)
 Metaspace       used 140536K, capacity 154804K, committed 155056K, reserved 1183744K
  class space    used 16201K, capacity 20130K, committed 20144K, reserved 1048576K
Event: 2062.153 GC heap after
Heap after GC invocations=218 (full 8):
 PSYoungGen      total 305664K, used 0K [0x00000000eab00000, 0x00000000ffb80000, 0x0000000100000000)
  eden space 267776K, 0% used [0x00000000eab00000,0x00000000eab00000,0x00000000fb080000)
  from space 37888K, 0% used [0x00000000fd680000,0x00000000fd680000,0x00000000ffb80000)
  to   space 38400K, 0% used [0x00000000fb080000,0x00000000fb080000,0x00000000fd600000)
 ParOldGen       total 246784K, used 150216K [0x00000000c0000000, 0x00000000cf100000, 0x00000000eab00000)
  object space 246784K, 60% used [0x00000000c0000000,0x00000000c92b22b8,0x00000000cf100000)
 Metaspace       used 140502K, capacity 154750K, committed 155056K, reserved 1183744K
  class space    used 16196K, capacity 20121K, committed 20144K, reserved 1048576K
}
Event: 2079.253 GC heap before
{Heap before GC invocations=219 (full 8):
 PSYoungGen      total 305664K, used 267776K [0x00000000eab00000, 0x00000000ffb80000, 0x0000000100000000)
  eden space 267776K, 100% used [0x00000000eab00000,0x00000000fb080000,0x00000000fb080000)
  from space 37888K, 0% used [0x00000000fd680000,0x00000000fd680000,0x00000000ffb80000)
  to   space 38400K, 0% used [0x00000000fb080000,0x00000000fb080000,0x00000000fd600000)
 ParOldGen       total 246784K, used 150216K [0x00000000c0000000, 0x00000000cf100000, 0x00000000eab00000)
  object space 246784K, 60% used [0x00000000c0000000,0x00000000c92b22b8,0x00000000cf100000)
 Metaspace       used 140656K, capacity 154820K, committed 155056K, reserved 1183744K
  class space    used 16215K, capacity 20122K, committed 20144K, reserved 1048576K
Event: 2079.264 GC heap after
Heap after GC invocations=219 (full 8):
 PSYoungGen      total 306176K, used 10674K [0x00000000eab00000, 0x00000000ffc80000, 0x0000000100000000)
  eden space 267776K, 0% used [0x00000000eab00000,0x00000000eab00000,0x00000000fb080000)
  from space 38400K, 27% used [0x00000000fb080000,0x00000000fbaec808,0x00000000fd600000)
  to   space 36352K, 0% used [0x00000000fd900000,0x00000000fd900000,0x00000000ffc80000)
 ParOldGen       total 246784K, used 150224K [0x00000000c0000000, 0x00000000cf100000, 0x00000000eab00000)
  object space 246784K, 60% used [0x00000000c0000000,0x00000000c92b42b8,0x00000000cf100000)
 Metaspace       used 140656K, capacity 154820K, committed 155056K, reserved 1183744K
  class space    used 16215K, capacity 20122K, committed 20144K, reserved 1048576K
}
Event: 2138.135 GC heap before
{Heap before GC invocations=220 (full 8):
 PSYoungGen      total 306176K, used 278450K [0x00000000eab00000, 0x00000000ffc80000, 0x0000000100000000)
  eden space 267776K, 100% used [0x00000000eab00000,0x00000000fb080000,0x00000000fb080000)
  from space 38400K, 27% used [0x00000000fb080000,0x00000000fbaec808,0x00000000fd600000)
  to   space 36352K, 0% used [0x00000000fd900000,0x00000000fd900000,0x00000000ffc80000)
 ParOldGen       total 246784K, used 150224K [0x00000000c0000000, 0x00000000cf100000, 0x00000000eab00000)
  object space 246784K, 60% used [0x00000000c0000000,0x00000000c92b42b8,0x00000000cf100000)
 Metaspace       used 144420K, capacity 158556K, committed 158768K, reserved 1187840K
  class space    used 16759K, capacity 20684K, committed 20784K, reserved 1048576K
Event: 2138.154 GC heap after
Heap after GC invocations=220 (full 8):
 PSYoungGen      total 309248K, used 9220K [0x00000000eab00000, 0x00000000ffb00000, 0x0000000100000000)
  eden space 274432K, 0% used [0x00000000eab00000,0x00000000eab00000,0x00000000fb700000)
  from space 34816K, 26% used [0x00000000fd900000,0x00000000fe2010a0,0x00000000ffb00000)
  to   space 34816K, 0% used [0x00000000fb700000,0x00000000fb700000,0x00000000fd900000)
 ParOldGen       total 246784K, used 159395K [0x00000000c0000000, 0x00000000cf100000, 0x00000000eab00000)
  object space 246784K, 64% used [0x00000000c0000000,0x00000000c9ba8c48,0x00000000cf100000)
 Metaspace       used 144420K, capacity 158556K, committed 158768K, reserved 1187840K
  class space    used 16759K, capacity 20684K, committed 20784K, reserved 1048576K
}

